Determining if the __i386 exist failed with the following output:
Change Dir: /home/kostas/Desktop/Teeworlds/build/CMakeFiles/CMakeTmp

Run Build Command(s):/usr/bin/gmake -f Makefile cmTC_b5c69/fast && /usr/bin/gmake  -f CMakeFiles/cmTC_b5c69.dir/build.make CMakeFiles/cmTC_b5c69.dir/build
gmake[1]: Entering directory '/home/kostas/Desktop/Teeworlds/build/CMakeFiles/CMakeTmp'
Building C object CMakeFiles/cmTC_b5c69.dir/CheckSymbolExists.c.o
/usr/bin/cc    -o CMakeFiles/cmTC_b5c69.dir/CheckSymbolExists.c.o -c /home/kostas/Desktop/Teeworlds/build/CMakeFiles/CMakeTmp/CheckSymbolExists.c
/home/kostas/Desktop/Teeworlds/build/CMakeFiles/CMakeTmp/CheckSymbolExists.c: In function ‘main’:
/home/kostas/Desktop/Teeworlds/build/CMakeFiles/CMakeTmp/CheckSymbolExists.c:7:19: error: ‘__i386’ undeclared (first use in this function)
    7 |   return ((int*)(&__i386))[argc];
      |                   ^~~~~~
/home/kostas/Desktop/Teeworlds/build/CMakeFiles/CMakeTmp/CheckSymbolExists.c:7:19: note: each undeclared identifier is reported only once for each function it appears in
gmake[1]: *** [CMakeFiles/cmTC_b5c69.dir/build.make:78: CMakeFiles/cmTC_b5c69.dir/CheckSymbolExists.c.o] Error 1
gmake[1]: Leaving directory '/home/kostas/Desktop/Teeworlds/build/CMakeFiles/CMakeTmp'
gmake: *** [Makefile:127: cmTC_b5c69/fast] Error 2


File /home/kostas/Desktop/Teeworlds/build/CMakeFiles/CMakeTmp/CheckSymbolExists.c:
/* */

int main(int argc, char** argv)
{
  (void)argv;
#ifndef __i386
  return ((int*)(&__i386))[argc];
#else
  (void)argc;
  return 0;
#endif
}
